{"C:\\Users\\mohammad.rashaideh\\OneDrive - Department of Community Development\\Desktop\\test\\src\\index.ts": {"path":"C:\\Users\\mohammad.rashaideh\\OneDrive - Department of Community Development\\Desktop\\test\\src\\index.ts","statementMap":{"0":{"start":{"line":7,"column":15},"end":{"line":10,"column":2}},"1":{"start":{"line":26,"column":17},"end":{"line":26,"column":49}},"2":{"start":{"line":27,"column":16},"end":{"line":27,"column":17}},"3":{"start":{"line":31,"column":2},"end":{"line":31,"column":34}},"4":{"start":{"line":35,"column":0},"end":{"line":106,"column":2}},"5":{"start":{"line":57,"column":4},"end":{"line":104,"column":5}},"6":{"start":{"line":60,"column":6},"end":{"line":70,"column":7}},"7":{"start":{"line":62,"column":10},"end":{"line":62,"column":37}},"8":{"start":{"line":63,"column":10},"end":{"line":63,"column":16}},"9":{"start":{"line":65,"column":10},"end":{"line":65,"column":36}},"10":{"start":{"line":66,"column":10},"end":{"line":66,"column":16}},"11":{"start":{"line":68,"column":10},"end":{"line":68,"column":35}},"12":{"start":{"line":69,"column":10},"end":{"line":69,"column":16}},"13":{"start":{"line":72,"column":22},"end":{"line":72,"column":64}},"14":{"start":{"line":73,"column":22},"end":{"line":73,"column":48}},"15":{"start":{"line":74,"column":19},"end":{"line":74,"column":42}},"16":{"start":{"line":76,"column":18},"end":{"line":76,"column":37}},"17":{"start":{"line":77,"column":6},"end":{"line":81,"column":9}},"18":{"start":{"line":83,"column":6},"end":{"line":85,"column":7}},"19":{"start":{"line":84,"column":8},"end":{"line":84,"column":29}},"20":{"start":{"line":87,"column":6},"end":{"line":94,"column":8}},"21":{"start":{"line":96,"column":6},"end":{"line":103,"column":8}},"22":{"start":{"line":109,"column":0},"end":{"line":157,"column":2}},"23":{"start":{"line":125,"column":4},"end":{"line":155,"column":5}},"24":{"start":{"line":126,"column":26},"end":{"line":126,"column":49}},"25":{"start":{"line":127,"column":6},"end":{"line":131,"column":7}},"26":{"start":{"line":128,"column":8},"end":{"line":130,"column":10}},"27":{"start":{"line":133,"column":20},"end":{"line":133,"column":58}},"28":{"start":{"line":134,"column":19},"end":{"line":134,"column":27}},"29":{"start":{"line":136,"column":6},"end":{"line":136,"column":42}},"30":{"start":{"line":138,"column":6},"end":{"line":145,"column":8}},"31":{"start":{"line":147,"column":6},"end":{"line":154,"column":8}},"32":{"start":{"line":160,"column":0},"end":{"line":201,"column":2}},"33":{"start":{"line":170,"column":4},"end":{"line":199,"column":5}},"34":{"start":{"line":171,"column":26},"end":{"line":171,"column":49}},"35":{"start":{"line":172,"column":6},"end":{"line":176,"column":7}},"36":{"start":{"line":173,"column":8},"end":{"line":175,"column":10}},"37":{"start":{"line":178,"column":20},"end":{"line":178,"column":58}},"38":{"start":{"line":179,"column":19},"end":{"line":179,"column":27}},"39":{"start":{"line":180,"column":20},"end":{"line":180,"column":38}},"40":{"start":{"line":182,"column":6},"end":{"line":189,"column":8}},"41":{"start":{"line":191,"column":6},"end":{"line":198,"column":8}},"42":{"start":{"line":204,"column":0},"end":{"line":247,"column":2}},"43":{"start":{"line":215,"column":4},"end":{"line":245,"column":5}},"44":{"start":{"line":216,"column":26},"end":{"line":216,"column":49}},"45":{"start":{"line":217,"column":6},"end":{"line":221,"column":7}},"46":{"start":{"line":218,"column":8},"end":{"line":220,"column":10}},"47":{"start":{"line":223,"column":20},"end":{"line":223,"column":58}},"48":{"start":{"line":224,"column":19},"end":{"line":224,"column":27}},"49":{"start":{"line":226,"column":6},"end":{"line":226,"column":33}},"50":{"start":{"line":228,"column":6},"end":{"line":235,"column":8}},"51":{"start":{"line":237,"column":6},"end":{"line":244,"column":8}},"52":{"start":{"line":250,"column":0},"end":{"line":294,"column":2}},"53":{"start":{"line":262,"column":4},"end":{"line":292,"column":5}},"54":{"start":{"line":263,"column":26},"end":{"line":263,"column":49}},"55":{"start":{"line":264,"column":6},"end":{"line":268,"column":7}},"56":{"start":{"line":265,"column":8},"end":{"line":267,"column":10}},"57":{"start":{"line":270,"column":20},"end":{"line":270,"column":58}},"58":{"start":{"line":271,"column":19},"end":{"line":271,"column":27}},"59":{"start":{"line":273,"column":6},"end":{"line":273,"column":38}},"60":{"start":{"line":275,"column":6},"end":{"line":282,"column":8}},"61":{"start":{"line":284,"column":6},"end":{"line":291,"column":8}},"62":{"start":{"line":297,"column":0},"end":{"line":340,"column":2}},"63":{"start":{"line":308,"column":4},"end":{"line":338,"column":5}},"64":{"start":{"line":309,"column":26},"end":{"line":309,"column":49}},"65":{"start":{"line":310,"column":6},"end":{"line":314,"column":7}},"66":{"start":{"line":311,"column":8},"end":{"line":313,"column":10}},"67":{"start":{"line":316,"column":20},"end":{"line":316,"column":58}},"68":{"start":{"line":317,"column":19},"end":{"line":317,"column":27}},"69":{"start":{"line":319,"column":19},"end":{"line":319,"column":51}},"70":{"start":{"line":321,"column":6},"end":{"line":328,"column":8}},"71":{"start":{"line":330,"column":6},"end":{"line":337,"column":8}},"72":{"start":{"line":343,"column":0},"end":{"line":390,"column":2}},"73":{"start":{"line":357,"column":4},"end":{"line":388,"column":5}},"74":{"start":{"line":358,"column":26},"end":{"line":358,"column":49}},"75":{"start":{"line":359,"column":6},"end":{"line":363,"column":7}},"76":{"start":{"line":360,"column":8},"end":{"line":362,"column":10}},"77":{"start":{"line":365,"column":20},"end":{"line":365,"column":58}},"78":{"start":{"line":366,"column":19},"end":{"line":366,"column":27}},"79":{"start":{"line":368,"column":19},"end":{"line":368,"column":61}},"80":{"start":{"line":369,"column":6},"end":{"line":369,"column":38}},"81":{"start":{"line":371,"column":6},"end":{"line":378,"column":8}},"82":{"start":{"line":380,"column":6},"end":{"line":387,"column":8}},"83":{"start":{"line":393,"column":0},"end":{"line":434,"column":2}},"84":{"start":{"line":403,"column":4},"end":{"line":432,"column":5}},"85":{"start":{"line":404,"column":26},"end":{"line":404,"column":49}},"86":{"start":{"line":405,"column":6},"end":{"line":409,"column":7}},"87":{"start":{"line":406,"column":8},"end":{"line":408,"column":10}},"88":{"start":{"line":411,"column":6},"end":{"line":411,"column":40}},"89":{"start":{"line":412,"column":6},"end":{"line":412,"column":40}},"90":{"start":{"line":413,"column":6},"end":{"line":413,"column":33}},"91":{"start":{"line":415,"column":6},"end":{"line":422,"column":8}},"92":{"start":{"line":424,"column":6},"end":{"line":431,"column":8}},"93":{"start":{"line":437,"column":0},"end":{"line":484,"column":2}},"94":{"start":{"line":452,"column":4},"end":{"line":482,"column":5}},"95":{"start":{"line":453,"column":26},"end":{"line":453,"column":49}},"96":{"start":{"line":454,"column":6},"end":{"line":458,"column":7}},"97":{"start":{"line":455,"column":8},"end":{"line":457,"column":10}},"98":{"start":{"line":460,"column":20},"end":{"line":460,"column":58}},"99":{"start":{"line":461,"column":19},"end":{"line":461,"column":27}},"100":{"start":{"line":463,"column":6},"end":{"line":463,"column":48}},"101":{"start":{"line":465,"column":6},"end":{"line":472,"column":8}},"102":{"start":{"line":474,"column":6},"end":{"line":481,"column":8}},"103":{"start":{"line":487,"column":0},"end":{"line":529,"column":2}},"104":{"start":{"line":497,"column":4},"end":{"line":527,"column":5}},"105":{"start":{"line":498,"column":26},"end":{"line":498,"column":49}},"106":{"start":{"line":499,"column":6},"end":{"line":503,"column":7}},"107":{"start":{"line":500,"column":8},"end":{"line":502,"column":10}},"108":{"start":{"line":505,"column":20},"end":{"line":505,"column":58}},"109":{"start":{"line":506,"column":19},"end":{"line":506,"column":27}},"110":{"start":{"line":508,"column":18},"end":{"line":508,"column":28}},"111":{"start":{"line":510,"column":6},"end":{"line":517,"column":8}},"112":{"start":{"line":519,"column":6},"end":{"line":526,"column":8}},"113":{"start":{"line":533,"column":20},"end":{"line":533,"column":46}},"114":{"start":{"line":534,"column":2},"end":{"line":534,"column":34}},"115":{"start":{"line":535,"column":2},"end":{"line":535,"column":58}},"116":{"start":{"line":538,"column":0},"end":{"line":541,"column":3}},"117":{"start":{"line":539,"column":2},"end":{"line":539,"column":49}},"118":{"start":{"line":540,"column":2},"end":{"line":540,"column":18}}},"fnMap":{"0":{"name":"generateBrowserId","decl":{"start":{"line":30,"column":9},"end":{"line":30,"column":26}},"loc":{"start":{"line":30,"column":26},"end":{"line":32,"column":1}}},"1":{"name":"(anonymous_1)","decl":{"start":{"line":56,"column":2},"end":{"line":56,"column":7}},"loc":{"start":{"line":56,"column":129},"end":{"line":105,"column":3}}},"2":{"name":"(anonymous_2)","decl":{"start":{"line":124,"column":2},"end":{"line":124,"column":7}},"loc":{"start":{"line":124,"column":135},"end":{"line":156,"column":3}}},"3":{"name":"(anonymous_3)","decl":{"start":{"line":169,"column":2},"end":{"line":169,"column":7}},"loc":{"start":{"line":169,"column":49},"end":{"line":200,"column":3}}},"4":{"name":"(anonymous_4)","decl":{"start":{"line":214,"column":2},"end":{"line":214,"column":7}},"loc":{"start":{"line":214,"column":77},"end":{"line":246,"column":3}}},"5":{"name":"(anonymous_5)","decl":{"start":{"line":261,"column":2},"end":{"line":261,"column":7}},"loc":{"start":{"line":261,"column":97},"end":{"line":293,"column":3}}},"6":{"name":"(anonymous_6)","decl":{"start":{"line":307,"column":2},"end":{"line":307,"column":7}},"loc":{"start":{"line":307,"column":77},"end":{"line":339,"column":3}}},"7":{"name":"(anonymous_7)","decl":{"start":{"line":356,"column":2},"end":{"line":356,"column":7}},"loc":{"start":{"line":356,"column":78},"end":{"line":389,"column":3}}},"8":{"name":"(anonymous_8)","decl":{"start":{"line":402,"column":2},"end":{"line":402,"column":7}},"loc":{"start":{"line":402,"column":49},"end":{"line":433,"column":3}}},"9":{"name":"(anonymous_9)","decl":{"start":{"line":451,"column":2},"end":{"line":451,"column":7}},"loc":{"start":{"line":451,"column":76},"end":{"line":483,"column":3}}},"10":{"name":"(anonymous_10)","decl":{"start":{"line":496,"column":2},"end":{"line":496,"column":7}},"loc":{"start":{"line":496,"column":49},"end":{"line":528,"column":3}}},"11":{"name":"main","decl":{"start":{"line":532,"column":15},"end":{"line":532,"column":19}},"loc":{"start":{"line":532,"column":19},"end":{"line":536,"column":1}}},"12":{"name":"(anonymous_12)","decl":{"start":{"line":538,"column":13},"end":{"line":538,"column":14}},"loc":{"start":{"line":538,"column":23},"end":{"line":541,"column":1}}}},"branchMap":{"0":{"loc":{"start":{"line":60,"column":6},"end":{"line":70,"column":7}},"type":"switch","locations":[{"start":{"line":61,"column":8},"end":{"line":63,"column":16}},{"start":{"line":64,"column":8},"end":{"line":66,"column":16}},{"start":{"line":67,"column":8},"end":{"line":69,"column":16}}]},"1":{"loc":{"start":{"line":83,"column":6},"end":{"line":85,"column":7}},"type":"if","locations":[{"start":{"line":83,"column":6},"end":{"line":85,"column":7}}]},"2":{"loc":{"start":{"line":100,"column":46},"end":{"line":100,"column":100}},"type":"cond-expr","locations":[{"start":{"line":100,"column":71},"end":{"line":100,"column":84}},{"start":{"line":100,"column":87},"end":{"line":100,"column":100}}]},"3":{"loc":{"start":{"line":127,"column":6},"end":{"line":131,"column":7}},"type":"if","locations":[{"start":{"line":127,"column":6},"end":{"line":131,"column":7}}]},"4":{"loc":{"start":{"line":151,"column":39},"end":{"line":151,"column":93}},"type":"cond-expr","locations":[{"start":{"line":151,"column":64},"end":{"line":151,"column":77}},{"start":{"line":151,"column":80},"end":{"line":151,"column":93}}]},"5":{"loc":{"start":{"line":172,"column":6},"end":{"line":176,"column":7}},"type":"if","locations":[{"start":{"line":172,"column":6},"end":{"line":176,"column":7}}]},"6":{"loc":{"start":{"line":195,"column":42},"end":{"line":195,"column":96}},"type":"cond-expr","locations":[{"start":{"line":195,"column":67},"end":{"line":195,"column":80}},{"start":{"line":195,"column":83},"end":{"line":195,"column":96}}]},"7":{"loc":{"start":{"line":217,"column":6},"end":{"line":221,"column":7}},"type":"if","locations":[{"start":{"line":217,"column":6},"end":{"line":221,"column":7}}]},"8":{"loc":{"start":{"line":241,"column":45},"end":{"line":241,"column":99}},"type":"cond-expr","locations":[{"start":{"line":241,"column":70},"end":{"line":241,"column":83}},{"start":{"line":241,"column":86},"end":{"line":241,"column":99}}]},"9":{"loc":{"start":{"line":264,"column":6},"end":{"line":268,"column":7}},"type":"if","locations":[{"start":{"line":264,"column":6},"end":{"line":268,"column":7}}]},"10":{"loc":{"start":{"line":288,"column":42},"end":{"line":288,"column":96}},"type":"cond-expr","locations":[{"start":{"line":288,"column":67},"end":{"line":288,"column":80}},{"start":{"line":288,"column":83},"end":{"line":288,"column":96}}]},"11":{"loc":{"start":{"line":310,"column":6},"end":{"line":314,"column":7}},"type":"if","locations":[{"start":{"line":310,"column":6},"end":{"line":314,"column":7}}]},"12":{"loc":{"start":{"line":334,"column":41},"end":{"line":334,"column":95}},"type":"cond-expr","locations":[{"start":{"line":334,"column":66},"end":{"line":334,"column":79}},{"start":{"line":334,"column":82},"end":{"line":334,"column":95}}]},"13":{"loc":{"start":{"line":359,"column":6},"end":{"line":363,"column":7}},"type":"if","locations":[{"start":{"line":359,"column":6},"end":{"line":363,"column":7}}]},"14":{"loc":{"start":{"line":368,"column":19},"end":{"line":368,"column":61}},"type":"binary-expr","locations":[{"start":{"line":368,"column":19},"end":{"line":368,"column":27}},{"start":{"line":368,"column":31},"end":{"line":368,"column":61}}]},"15":{"loc":{"start":{"line":384,"column":46},"end":{"line":384,"column":100}},"type":"cond-expr","locations":[{"start":{"line":384,"column":71},"end":{"line":384,"column":84}},{"start":{"line":384,"column":87},"end":{"line":384,"column":100}}]},"16":{"loc":{"start":{"line":405,"column":6},"end":{"line":409,"column":7}},"type":"if","locations":[{"start":{"line":405,"column":6},"end":{"line":409,"column":7}}]},"17":{"loc":{"start":{"line":428,"column":44},"end":{"line":428,"column":98}},"type":"cond-expr","locations":[{"start":{"line":428,"column":69},"end":{"line":428,"column":82}},{"start":{"line":428,"column":85},"end":{"line":428,"column":98}}]},"18":{"loc":{"start":{"line":454,"column":6},"end":{"line":458,"column":7}},"type":"if","locations":[{"start":{"line":454,"column":6},"end":{"line":458,"column":7}}]},"19":{"loc":{"start":{"line":478,"column":51},"end":{"line":478,"column":105}},"type":"cond-expr","locations":[{"start":{"line":478,"column":76},"end":{"line":478,"column":89}},{"start":{"line":478,"column":92},"end":{"line":478,"column":105}}]},"20":{"loc":{"start":{"line":499,"column":6},"end":{"line":503,"column":7}},"type":"if","locations":[{"start":{"line":499,"column":6},"end":{"line":503,"column":7}}]},"21":{"loc":{"start":{"line":523,"column":40},"end":{"line":523,"column":94}},"type":"cond-expr","locations":[{"start":{"line":523,"column":65},"end":{"line":523,"column":78}},{"start":{"line":523,"column":81},"end":{"line":523,"column":94}}]}},"s":{"0":0,"1":0,"2":0,"3":0,"4":0,"5":0,"6":0,"7":0,"8":0,"9":0,"10":0,"11":0,"12":0,"13":0,"14":0,"15":0,"16":0,"17":0,"18":0,"19":0,"20":0,"21":0,"22":0,"23":0,"24":0,"25":0,"26":0,"27":0,"28":0,"29":0,"30":0,"31":0,"32":0,"33":0,"34":0,"35":0,"36":0,"37":0,"38":0,"39":0,"40":0,"41":0,"42":0,"43":0,"44":0,"45":0,"46":0,"47":0,"48":0,"49":0,"50":0,"51":0,"52":0,"53":0,"54":0,"55":0,"56":0,"57":0,"58":0,"59":0,"60":0,"61":0,"62":0,"63":0,"64":0,"65":0,"66":0,"67":0,"68":0,"69":0,"70":0,"71":0,"72":0,"73":0,"74":0,"75":0,"76":0,"77":0,"78":0,"79":0,"80":0,"81":0,"82":0,"83":0,"84":0,"85":0,"86":0,"87":0,"88":0,"89":0,"90":0,"91":0,"92":0,"93":0,"94":0,"95":0,"96":0,"97":0,"98":0,"99":0,"100":0,"101":0,"102":0,"103":0,"104":0,"105":0,"106":0,"107":0,"108":0,"109":0,"110":0,"111":0,"112":0,"113":0,"114":0,"115":0,"116":0,"117":0,"118":0},"f":{"0":0,"1":0,"2":0,"3":0,"4":0,"5":0,"6":0,"7":0,"8":0,"9":0,"10":0,"11":0,"12":0},"b":{"0":[0,0,0],"1":[0],"2":[0,0],"3":[0],"4":[0,0],"5":[0],"6":[0,0],"7":[0],"8":[0,0],"9":[0],"10":[0,0],"11":[0],"12":[0,0],"13":[0],"14":[0,0],"15":[0,0],"16":[0],"17":[0,0],"18":[0],"19":[0,0],"20":[0],"21":[0,0]}}
}
