TN:
SF:src\index.ts
FN:30,generateBrowserId
FN:56,(anonymous_1)
FN:124,(anonymous_2)
FN:169,(anonymous_3)
FN:214,(anonymous_4)
FN:261,(anonymous_5)
FN:307,(anonymous_6)
FN:356,(anonymous_7)
FN:402,(anonymous_8)
FN:451,(anonymous_9)
FN:496,(anonymous_10)
FN:532,main
FN:538,(anonymous_12)
FNF:13
FNH:0
FNDA:0,generateBrowserId
FNDA:0,(anonymous_1)
FNDA:0,(anonymous_2)
FNDA:0,(anonymous_3)
FNDA:0,(anonymous_4)
FNDA:0,(anonymous_5)
FNDA:0,(anonymous_6)
FNDA:0,(anonymous_7)
FNDA:0,(anonymous_8)
FNDA:0,(anonymous_9)
FNDA:0,(anonymous_10)
FNDA:0,main
FNDA:0,(anonymous_12)
DA:7,0
DA:26,0
DA:27,0
DA:31,0
DA:35,0
DA:57,0
DA:60,0
DA:62,0
DA:63,0
DA:65,0
DA:66,0
DA:68,0
DA:69,0
DA:72,0
DA:73,0
DA:74,0
DA:76,0
DA:77,0
DA:83,0
DA:84,0
DA:87,0
DA:96,0
DA:109,0
DA:125,0
DA:126,0
DA:127,0
DA:128,0
DA:133,0
DA:134,0
DA:136,0
DA:138,0
DA:147,0
DA:160,0
DA:170,0
DA:171,0
DA:172,0
DA:173,0
DA:178,0
DA:179,0
DA:180,0
DA:182,0
DA:191,0
DA:204,0
DA:215,0
DA:216,0
DA:217,0
DA:218,0
DA:223,0
DA:224,0
DA:226,0
DA:228,0
DA:237,0
DA:250,0
DA:262,0
DA:263,0
DA:264,0
DA:265,0
DA:270,0
DA:271,0
DA:273,0
DA:275,0
DA:284,0
DA:297,0
DA:308,0
DA:309,0
DA:310,0
DA:311,0
DA:316,0
DA:317,0
DA:319,0
DA:321,0
DA:330,0
DA:343,0
DA:357,0
DA:358,0
DA:359,0
DA:360,0
DA:365,0
DA:366,0
DA:368,0
DA:369,0
DA:371,0
DA:380,0
DA:393,0
DA:403,0
DA:404,0
DA:405,0
DA:406,0
DA:411,0
DA:412,0
DA:413,0
DA:415,0
DA:424,0
DA:437,0
DA:452,0
DA:453,0
DA:454,0
DA:455,0
DA:460,0
DA:461,0
DA:463,0
DA:465,0
DA:474,0
DA:487,0
DA:497,0
DA:498,0
DA:499,0
DA:500,0
DA:505,0
DA:506,0
DA:508,0
DA:510,0
DA:519,0
DA:533,0
DA:534,0
DA:535,0
DA:538,0
DA:539,0
DA:540,0
LF:119
LH:0
BRDA:60,0,0,0
BRDA:60,0,1,0
BRDA:60,0,2,0
BRDA:83,1,0,0
BRDA:100,2,0,0
BRDA:100,2,1,0
BRDA:127,3,0,0
BRDA:151,4,0,0
BRDA:151,4,1,0
BRDA:172,5,0,0
BRDA:195,6,0,0
BRDA:195,6,1,0
BRDA:217,7,0,0
BRDA:241,8,0,0
BRDA:241,8,1,0
BRDA:264,9,0,0
BRDA:288,10,0,0
BRDA:288,10,1,0
BRDA:310,11,0,0
BRDA:334,12,0,0
BRDA:334,12,1,0
BRDA:359,13,0,0
BRDA:368,14,0,0
BRDA:368,14,1,0
BRDA:384,15,0,0
BRDA:384,15,1,0
BRDA:405,16,0,0
BRDA:428,17,0,0
BRDA:428,17,1,0
BRDA:454,18,0,0
BRDA:478,19,0,0
BRDA:478,19,1,0
BRDA:499,20,0,0
BRDA:523,21,0,0
BRDA:523,21,1,0
BRF:35
BRH:0
end_of_record
